Loading weights:   0%|          | 0/199 [00:00<?, ?it/s]Loading weights: 100%|██████████| 199/199 [00:00<00:00, 5883.40it/s]
[transformers] [1mBertForSequenceClassification LOAD REPORT[0m from: bert-base-uncased
Key                                        | Status     |
-------------------------------------------+------------+-
cls.seq_relationship.bias                  | UNEXPECTED |
cls.predictions.transform.LayerNorm.bias   | UNEXPECTED |
cls.predictions.transform.dense.weight     | UNEXPECTED |
cls.predictions.transform.LayerNorm.weight | UNEXPECTED |
cls.predictions.bias                       | UNEXPECTED |
cls.seq_relationship.weight                | UNEXPECTED |
cls.predictions.transform.dense.bias       | UNEXPECTED |
classifier.weight                          | MISSING    |
classifier.bias                            | MISSING    |

Notes:
- UNEXPECTED:	can be ignored when loading from different task/architecture; not ok if you expect identical arch.
- MISSING:	those params were newly initialized because missing from the checkpoint. Consider training on your downstream task.
wandb: [wandb.login()] Loaded credentials for https://api.wandb.ai from /home2/nilan/.netrc.
wandb: Currently logged in as: nilansa to https://api.wandb.ai. Use `wandb login --relogin` to force relogin
wandb: setting up run qngb9dsj
wandb: Tracking run with wandb version 0.27.0
wandb: Run data is saved locally in /home2/nilan/research/AN/scratch_exps/bert_lgd_sherlock_sampling_improvement_20260701_1525/runs/MRPC_LA_K3_L50_BWoR_refreshEpoch_noCorr_seed0/wandb/wandb/run-20260701_153227-qngb9dsj
wandb: Run `wandb offline` to turn off syncing.
wandb: Syncing run MRPC_LA_K3_L50_BWoR_refreshEpoch_noCorr_seed0
wandb: ⭐️ View project at https://wandb.ai/nilansa/lgd_bert_sampling_improvement_mrpc
wandb: 🚀 View run at https://wandb.ai/nilansa/lgd_bert_sampling_improvement_mrpc/runs/qngb9dsj
WANDB_URL=https://wandb.ai/nilansa/lgd_bert_sampling_improvement_mrpc/runs/qngb9dsj
wandb: uploading history steps 306-357, summary; updating run metadata
wandb: updating run metadata
wandb: uploading wandb-summary.json; uploading config.yaml; uploading output.log
wandb: uploading config.yaml; uploading output.log
wandb: uploading history steps 358-358, summary
wandb:
wandb: Run history:
wandb:     correction/weight_clipped_frac ▁▁▁▁▁▁▁▁▁▁▁▁▁▁▁▁▁▁▁▁▁▁▁▁▁▁▁▁▁▁▁▁▁▁▁▁▁▁▁▁
wandb:              correction/weight_max ▁▁▁▁▁▁▁▁▁▁▁▁▁▁▁▁▁▁▁▁▁▁▁▁▁▁▁▁▁▁▁▁▁▁▁▁▁▁▁▁
wandb:             correction/weight_mean ▁▁▁▁▁▁▁▁▁▁▁▁▁▁▁▁▁▁▁▁▁▁▁▁▁▁▁▁▁▁▁▁▁▁▁▁▁▁▁▁
wandb:              correction/weight_min ▁▁▁▁▁▁▁▁▁▁▁▁▁▁▁▁▁▁▁▁▁▁▁▁▁▁▁▁▁▁▁▁▁▁▁▁▁▁▁▁
wandb:                              epoch ▁▁▁▁▁▂▂▂▂▃▃▃▃▃▃▄▄▄▄▄▅▅▅▅▅▅▅▅▆▆▆▆▇▇▇▇▇███
wandb:                      eval/accuracy ▁▂▃▃▇▅▄▇██▆▆▅█
wandb:                            eval/f1 ▃▂▁▂▆▄▃▇██▄▇▃▇
wandb:                          eval/loss █▆▅▄▃▃▄▄▁▁▂▅▇▂
wandb:                        global_step ▁▁▁▂▂▂▂▂▂▂▃▃▃▃▃▃▃▃▄▄▄▄▄▄▅▅▅▅▆▆▆▆▇▇▇█████
wandb: lsh/bucket_assignment_changed_frac █▁
wandb:                                +45 ...
wandb:
wandb: Run summary:
wandb:     correction/weight_clipped_frac 0
wandb:              correction/weight_max 1
wandb:             correction/weight_mean 1
wandb:              correction/weight_min 1
wandb:                              epoch 2.9913
wandb:                      eval/accuracy 0.82598
wandb:                            eval/f1 0.87344
wandb:                          eval/loss 0.45232
wandb:                        global_step 345
wandb: lsh/bucket_assignment_changed_frac 0.50672
wandb:                                +45 ...
wandb:
wandb: 🚀 View run MRPC_LA_K3_L50_BWoR_refreshEpoch_noCorr_seed0 at: https://wandb.ai/nilansa/lgd_bert_sampling_improvement_mrpc/runs/qngb9dsj
wandb: ⭐️ View project at: https://wandb.ai/nilansa/lgd_bert_sampling_improvement_mrpc
wandb: Synced 5 W&B file(s), 0 media file(s), 0 artifact file(s) and 0 other file(s)
wandb: Find logs at: /home2/nilan/research/AN/scratch_exps/bert_lgd_sherlock_sampling_improvement_20260701_1525/runs/MRPC_LA_K3_L50_BWoR_refreshEpoch_noCorr_seed0/wandb/wandb/run-20260701_153227-qngb9dsj/logs
{
  "error_message": null,
  "final_eval": {
    "epoch": 2.991304347826087,
    "eval/accuracy": 0.8259803921568627,
    "eval/f1": 0.8734402852049911,
    "eval/loss": 0.4523230662532881,
    "global_step": 345,
    "paper_fig5/test_accuracy": 0.8259803921568627,
    "paper_fig5/test_loss": 0.4523230662532881,
    "time/wall_clock_sec": 136.6069691181183
  },
  "model_state_hash": "38c8b99412f0fc4b7c97b2e3d761e3967151b4731b697cf53a56fc2afa1f9637",
  "refresh_count": 3,
  "run_dir": "/home2/nilan/research/AN/scratch_exps/bert_lgd_sherlock_sampling_improvement_20260701_1525/runs/MRPC_LA_K3_L50_BWoR_refreshEpoch_noCorr_seed0",
  "sample_coverage_by_epoch": [
    {
      "batch_size": 32,
      "draw_count": 3680,
      "duplicate_draw_count": 1785,
      "duplicate_draw_frac_of_draws": 0.485054347826087,
      "epoch": 0,
      "max_times_seen": 72,
      "never_seen_count": 1773,
      "never_seen_frac": 0.48336968375136313,
      "repeated_sample_count": 771,
      "repeated_sample_frac": 0.21019629225736097,
      "steps_in_epoch": 115,
      "train_size": 3668,
      "unique_seen_count": 1895
    },
    {
      "batch_size": 32,
      "draw_count": 3680,
      "duplicate_draw_count": 1508,
      "duplicate_draw_frac_of_draws": 0.4097826086956522,
      "epoch": 1,
      "max_times_seen": 8,
      "never_seen_count": 1496,
      "never_seen_frac": 0.4078516902944384,
      "repeated_sample_count": 956,
      "repeated_sample_frac": 0.2606324972737186,
      "steps_in_epoch": 115,
      "train_size": 3668,
      "unique_seen_count": 2172
    },
    {
      "batch_size": 32,
      "draw_count": 3680,
      "duplicate_draw_count": 1539,
      "duplicate_draw_frac_of_draws": 0.4182065217391304,
      "epoch": 2,
      "max_times_seen": 9,
      "never_seen_count": 1527,
      "never_seen_frac": 0.4163031624863686,
      "repeated_sample_count": 939,
      "repeated_sample_frac": 0.2559978189749182,
      "steps_in_epoch": 115,
      "train_size": 3668,
      "unique_seen_count": 2141
    }
  ],
  "sample_coverage_total": {
    "coverage": 0.9149400218102508,
    "draw_count": 11040,
    "duplicate_draw_count": 7684,
    "train_size": 3668,
    "unique_seen_count": 3356
  },
  "status": "finished",
  "wandb_url": "https://wandb.ai/nilansa/lgd_bert_sampling_improvement_mrpc/runs/qngb9dsj"
}
