Loading weights:   0%|          | 0/199 [00:00<?, ?it/s]Loading weights: 100%|██████████| 199/199 [00:00<00:00, 5388.73it/s]
[transformers] [1mBertForSequenceClassification LOAD REPORT[0m from: bert-base-uncased
Key                                        | Status     |
-------------------------------------------+------------+-
cls.seq_relationship.bias                  | UNEXPECTED |
cls.seq_relationship.weight                | UNEXPECTED |
cls.predictions.transform.dense.bias       | UNEXPECTED |
cls.predictions.transform.LayerNorm.bias   | UNEXPECTED |
cls.predictions.bias                       | UNEXPECTED |
cls.predictions.transform.LayerNorm.weight | UNEXPECTED |
cls.predictions.transform.dense.weight     | UNEXPECTED |
classifier.weight                          | MISSING    |
classifier.bias                            | MISSING    |

Notes:
- UNEXPECTED:	can be ignored when loading from different task/architecture; not ok if you expect identical arch.
- MISSING:	those params were newly initialized because missing from the checkpoint. Consider training on your downstream task.
wandb: [wandb.login()] Loaded credentials for https://api.wandb.ai from /home2/nilan/.netrc.
wandb: Currently logged in as: nilansa to https://api.wandb.ai. Use `wandb login --relogin` to force relogin
wandb: setting up run 0j21c5js
wandb: Tracking run with wandb version 0.27.0
wandb: Run data is saved locally in /home2/nilan/research/AN/scratch_exps/bert_lgd_sherlock_sampling_improvement_20260701_1525/runs/MRPC_LA_K4_L50_BWoR_refreshEpoch_noCorr_seed0/wandb/wandb/run-20260701_153227-0j21c5js
wandb: Run `wandb offline` to turn off syncing.
wandb: Syncing run MRPC_LA_K4_L50_BWoR_refreshEpoch_noCorr_seed0
wandb: ⭐️ View project at https://wandb.ai/nilansa/lgd_bert_sampling_improvement_mrpc
wandb: 🚀 View run at https://wandb.ai/nilansa/lgd_bert_sampling_improvement_mrpc/runs/0j21c5js
WANDB_URL=https://wandb.ai/nilansa/lgd_bert_sampling_improvement_mrpc/runs/0j21c5js
wandb: updating run metadata
wandb: uploading output.log; uploading wandb-summary.json; uploading config.yaml
wandb: uploading config.yaml
wandb: uploading history steps 337-358, summary
wandb:
wandb: Run history:
wandb:     correction/weight_clipped_frac ▁▁▁▁▁▁▁▁▁▁▁▁▁▁▁▁▁▁▁▁▁▁▁▁▁▁▁▁▁▁▁▁▁▁▁▁▁▁▁▁
wandb:              correction/weight_max ▁▁▁▁▁▁▁▁▁▁▁▁▁▁▁▁▁▁▁▁▁▁▁▁▁▁▁▁▁▁▁▁▁▁▁▁▁▁▁▁
wandb:             correction/weight_mean ▁▁▁▁▁▁▁▁▁▁▁▁▁▁▁▁▁▁▁▁▁▁▁▁▁▁▁▁▁▁▁▁▁▁▁▁▁▁▁▁
wandb:              correction/weight_min ▁▁▁▁▁▁▁▁▁▁▁▁▁▁▁▁▁▁▁▁▁▁▁▁▁▁▁▁▁▁▁▁▁▁▁▁▁▁▁▁
wandb:                              epoch ▁▁▁▂▂▂▃▃▃▃▃▄▄▄▄▄▄▅▅▅▅▅▅▅▅▆▆▆▆▆▆▇▇▇▇▇▇███
wandb:                      eval/accuracy ▁▃▆▅▄▁▅▇▄█▄▆██
wandb:                            eval/f1 ▅▆▆▆▆▁▆▇▆█▅███
wandb:                          eval/loss ▇█▃▄▄▆▂▃▄▁▂▇▅▃
wandb:                        global_step ▁▁▁▁▁▂▂▂▂▃▃▃▃▃▃▄▄▄▄▄▅▅▅▅▆▆▆▆▆▆▇▇▇▇▇▇▇▇▇█
wandb: lsh/bucket_assignment_changed_frac █▁
wandb:                                +45 ...
wandb:
wandb: Run summary:
wandb:     correction/weight_clipped_frac 0
wandb:              correction/weight_max 1
wandb:             correction/weight_mean 1
wandb:              correction/weight_min 1
wandb:                              epoch 2.9913
wandb:                      eval/accuracy 0.79412
wandb:                            eval/f1 0.85467
wandb:                          eval/loss 0.52446
wandb:                        global_step 345
wandb: lsh/bucket_assignment_changed_frac 0.53595
wandb:                                +45 ...
wandb:
wandb: 🚀 View run MRPC_LA_K4_L50_BWoR_refreshEpoch_noCorr_seed0 at: https://wandb.ai/nilansa/lgd_bert_sampling_improvement_mrpc/runs/0j21c5js
wandb: ⭐️ View project at: https://wandb.ai/nilansa/lgd_bert_sampling_improvement_mrpc
wandb: Synced 5 W&B file(s), 0 media file(s), 0 artifact file(s) and 0 other file(s)
wandb: Find logs at: /home2/nilan/research/AN/scratch_exps/bert_lgd_sherlock_sampling_improvement_20260701_1525/runs/MRPC_LA_K4_L50_BWoR_refreshEpoch_noCorr_seed0/wandb/wandb/run-20260701_153227-0j21c5js/logs
{
  "error_message": null,
  "final_eval": {
    "epoch": 2.991304347826087,
    "eval/accuracy": 0.7941176470588235,
    "eval/f1": 0.8546712802768166,
    "eval/loss": 0.5244599113277361,
    "global_step": 345,
    "paper_fig5/test_accuracy": 0.7941176470588235,
    "paper_fig5/test_loss": 0.5244599113277361,
    "time/wall_clock_sec": 142.19818592071533
  },
  "model_state_hash": "8b68c46543f36467aaf3e81ffb5b5ae896da6139392cabbe8ef9df78d8bfe3d2",
  "refresh_count": 3,
  "run_dir": "/home2/nilan/research/AN/scratch_exps/bert_lgd_sherlock_sampling_improvement_20260701_1525/runs/MRPC_LA_K4_L50_BWoR_refreshEpoch_noCorr_seed0",
  "sample_coverage_by_epoch": [
    {
      "batch_size": 32,
      "draw_count": 3680,
      "duplicate_draw_count": 2183,
      "duplicate_draw_frac_of_draws": 0.5932065217391305,
      "epoch": 0,
      "max_times_seen": 67,
      "never_seen_count": 2171,
      "never_seen_frac": 0.5918756815703381,
      "repeated_sample_count": 680,
      "repeated_sample_frac": 0.18538713195201745,
      "steps_in_epoch": 115,
      "train_size": 3668,
      "unique_seen_count": 1497
    },
    {
      "batch_size": 32,
      "draw_count": 3680,
      "duplicate_draw_count": 1757,
      "duplicate_draw_frac_of_draws": 0.47744565217391305,
      "epoch": 1,
      "max_times_seen": 12,
      "never_seen_count": 1745,
      "never_seen_frac": 0.4757360959651036,
      "repeated_sample_count": 959,
      "repeated_sample_frac": 0.26145038167938933,
      "steps_in_epoch": 115,
      "train_size": 3668,
      "unique_seen_count": 1923
    },
    {
      "batch_size": 32,
      "draw_count": 3680,
      "duplicate_draw_count": 1896,
      "duplicate_draw_frac_of_draws": 0.5152173913043478,
      "epoch": 2,
      "max_times_seen": 18,
      "never_seen_count": 1884,
      "never_seen_frac": 0.5136314067611778,
      "repeated_sample_count": 868,
      "repeated_sample_frac": 0.2366412213740458,
      "steps_in_epoch": 115,
      "train_size": 3668,
      "unique_seen_count": 1784
    }
  ],
  "sample_coverage_total": {
    "coverage": 0.8527808069792803,
    "draw_count": 11040,
    "duplicate_draw_count": 7912,
    "train_size": 3668,
    "unique_seen_count": 3128
  },
  "status": "finished",
  "wandb_url": "https://wandb.ai/nilansa/lgd_bert_sampling_improvement_mrpc/runs/0j21c5js"
}
