Loading weights:   0%|          | 0/199 [00:00<?, ?it/s]Loading weights: 100%|██████████| 199/199 [00:00<00:00, 6704.42it/s]
[transformers] [1mBertForSequenceClassification LOAD REPORT[0m from: bert-base-uncased
Key                                        | Status     |
-------------------------------------------+------------+-
cls.seq_relationship.weight                | UNEXPECTED |
cls.predictions.transform.LayerNorm.weight | UNEXPECTED |
cls.seq_relationship.bias                  | UNEXPECTED |
cls.predictions.bias                       | UNEXPECTED |
cls.predictions.transform.dense.weight     | UNEXPECTED |
cls.predictions.transform.LayerNorm.bias   | UNEXPECTED |
cls.predictions.transform.dense.bias       | UNEXPECTED |
classifier.weight                          | MISSING    |
classifier.bias                            | MISSING    |

Notes:
- UNEXPECTED:	can be ignored when loading from different task/architecture; not ok if you expect identical arch.
- MISSING:	those params were newly initialized because missing from the checkpoint. Consider training on your downstream task.
wandb: [wandb.login()] Loaded credentials for https://api.wandb.ai from /home2/nilan/.netrc.
wandb: Currently logged in as: nilansa to https://api.wandb.ai. Use `wandb login --relogin` to force relogin
wandb: setting up run 7ppykeie
wandb: Tracking run with wandb version 0.27.0
wandb: Run data is saved locally in /home2/nilan/research/AN/scratch_exps/bert_lgd_sherlock_sampling_improvement_20260701_1525/runs/MRPC_random_epoch_shuffle_seed0/wandb/wandb/run-20260701_153227-7ppykeie
wandb: Run `wandb offline` to turn off syncing.
wandb: Syncing run MRPC_random_epoch_shuffle_seed0
wandb: ⭐️ View project at https://wandb.ai/nilansa/lgd_bert_sampling_improvement_mrpc
wandb: 🚀 View run at https://wandb.ai/nilansa/lgd_bert_sampling_improvement_mrpc/runs/7ppykeie
WANDB_URL=https://wandb.ai/nilansa/lgd_bert_sampling_improvement_mrpc/runs/7ppykeie
wandb: updating run metadata
wandb: uploading config.yaml; uploading output.log; uploading wandb-summary.json
wandb: uploading history steps 344-358, summary
wandb:
wandb: Run history:
wandb: correction/weight_clipped_frac ▁▁▁▁▁▁▁▁▁▁▁▁▁▁▁▁▁▁▁▁▁▁▁▁▁▁▁▁▁▁▁▁▁▁▁▁▁▁▁▁
wandb:          correction/weight_max ▁▁▁▁▁▁▁▁▁▁▁▁▁▁▁▁▁▁▁▁▁▁▁▁▁▁▁▁▁▁▁▁▁▁▁▁▁▁▁▁
wandb:         correction/weight_mean ▁▁▁▁▁▁▁▁▁▁▁▁▁▁▁▁▁▁▁▁▁▁▁▁▁▁▁▁▁▁▁▁▁▁▁▁▁▁▁▁
wandb:          correction/weight_min ▁▁▁▁▁▁▁▁▁▁▁▁▁▁▁▁▁▁▁▁▁▁▁▁▁▁▁▁▁▁▁▁▁▁▁▁▁▁▁▁
wandb:                          epoch ▁▁▁▁▂▂▂▂▂▂▃▃▃▃▃▃▃▃▄▄▄▄▅▅▅▅▅▅▅▆▆▆▆▆▆▇▇███
wandb:                  eval/accuracy ▁▃▃▅▆▆▇███▆▄▆▇
wandb:                        eval/f1 ▁▂▂▅▄▆▆██▇▆▄▄▇
wandb:                      eval/loss ▄▃▃▃▂▃▂▁▁▂▂█▂▃
wandb:                    global_step ▁▁▁▁▁▁▂▂▂▃▃▃▃▃▄▄▄▄▄▅▅▅▅▆▆▆▆▆▆▇▇▇▇▇▇▇▇▇██
wandb:              lsh/refresh_count ▁▁▁▁▁▁▁▁▁▁▁▁▁▁▁▁▁▁▁▁▁▁▁▁▁▁▁▁▁▁▁▁▁▁▁▁▁▁▁▁
wandb:                            +38 ...
wandb:
wandb: Run summary:
wandb: correction/weight_clipped_frac 0
wandb:          correction/weight_max 1
wandb:         correction/weight_mean 1
wandb:          correction/weight_min 1
wandb:                          epoch 2.9913
wandb:                  eval/accuracy 0.84559
wandb:                        eval/f1 0.89231
wandb:                      eval/loss 0.50303
wandb:                    global_step 345
wandb:              lsh/refresh_count 0
wandb:                            +38 ...
wandb:
wandb: 🚀 View run MRPC_random_epoch_shuffle_seed0 at: https://wandb.ai/nilansa/lgd_bert_sampling_improvement_mrpc/runs/7ppykeie
wandb: ⭐️ View project at: https://wandb.ai/nilansa/lgd_bert_sampling_improvement_mrpc
wandb: Synced 5 W&B file(s), 0 media file(s), 0 artifact file(s) and 0 other file(s)
wandb: Find logs at: /home2/nilan/research/AN/scratch_exps/bert_lgd_sherlock_sampling_improvement_20260701_1525/runs/MRPC_random_epoch_shuffle_seed0/wandb/wandb/run-20260701_153227-7ppykeie/logs
{
  "error_message": null,
  "final_eval": {
    "epoch": 2.991304347826087,
    "eval/accuracy": 0.8455882352941176,
    "eval/f1": 0.8923076923076924,
    "eval/loss": 0.5030339886160458,
    "global_step": 345,
    "paper_fig5/test_accuracy": 0.8455882352941176,
    "paper_fig5/test_loss": 0.5030339886160458,
    "time/wall_clock_sec": 93.10516691207886
  },
  "model_state_hash": "bc4fdee4a37abc5478a279f57b3bb39bf37f051c922c1db2a48469bf3da8f7b5",
  "refresh_count": 0,
  "run_dir": "/home2/nilan/research/AN/scratch_exps/bert_lgd_sherlock_sampling_improvement_20260701_1525/runs/MRPC_random_epoch_shuffle_seed0",
  "sample_coverage_by_epoch": [
    {
      "batch_size": 32,
      "draw_count": 3668,
      "duplicate_draw_count": 0,
      "duplicate_draw_frac_of_draws": 0.0,
      "epoch": 0,
      "max_times_seen": 1,
      "never_seen_count": 0,
      "never_seen_frac": 0.0,
      "repeated_sample_count": 0,
      "repeated_sample_frac": 0.0,
      "steps_in_epoch": 115,
      "train_size": 3668,
      "unique_seen_count": 3668
    },
    {
      "batch_size": 32,
      "draw_count": 3668,
      "duplicate_draw_count": 0,
      "duplicate_draw_frac_of_draws": 0.0,
      "epoch": 1,
      "max_times_seen": 1,
      "never_seen_count": 0,
      "never_seen_frac": 0.0,
      "repeated_sample_count": 0,
      "repeated_sample_frac": 0.0,
      "steps_in_epoch": 115,
      "train_size": 3668,
      "unique_seen_count": 3668
    },
    {
      "batch_size": 32,
      "draw_count": 3668,
      "duplicate_draw_count": 0,
      "duplicate_draw_frac_of_draws": 0.0,
      "epoch": 2,
      "max_times_seen": 1,
      "never_seen_count": 0,
      "never_seen_frac": 0.0,
      "repeated_sample_count": 0,
      "repeated_sample_frac": 0.0,
      "steps_in_epoch": 115,
      "train_size": 3668,
      "unique_seen_count": 3668
    }
  ],
  "sample_coverage_total": {
    "coverage": 1.0,
    "draw_count": 11004,
    "duplicate_draw_count": 7336,
    "train_size": 3668,
    "unique_seen_count": 3668
  },
  "status": "finished",
  "wandb_url": "https://wandb.ai/nilansa/lgd_bert_sampling_improvement_mrpc/runs/7ppykeie"
}
