Loading weights:   0%|          | 0/199 [00:00<?, ?it/s]Loading weights: 100%|██████████| 199/199 [00:00<00:00, 5138.97it/s]
[transformers] [1mBertForSequenceClassification LOAD REPORT[0m from: bert-base-uncased
Key                                        | Status     |
-------------------------------------------+------------+-
cls.predictions.transform.LayerNorm.bias   | UNEXPECTED |
cls.predictions.transform.LayerNorm.weight | UNEXPECTED |
cls.seq_relationship.bias                  | UNEXPECTED |
cls.predictions.transform.dense.bias       | UNEXPECTED |
cls.predictions.transform.dense.weight     | UNEXPECTED |
cls.seq_relationship.weight                | UNEXPECTED |
cls.predictions.bias                       | UNEXPECTED |
classifier.weight                          | MISSING    |
classifier.bias                            | MISSING    |

Notes:
- UNEXPECTED:	can be ignored when loading from different task/architecture; not ok if you expect identical arch.
- MISSING:	those params were newly initialized because missing from the checkpoint. Consider training on your downstream task.
wandb: [wandb.login()] Loaded credentials for https://api.wandb.ai from /home2/nilan/.netrc.
wandb: Currently logged in as: nilansa to https://api.wandb.ai. Use `wandb login --relogin` to force relogin
wandb: setting up run u18xrcc8
wandb: Tracking run with wandb version 0.27.0
wandb: Run data is saved locally in /home2/nilan/research/AN/scratch_exps/bert_lgd_sherlock_sampling_improvement_20260701_1525/runs/MRPC_LA_K6_L50_BWoR_refreshEpoch_noCorr_seed0/wandb/wandb/run-20260701_153426-u18xrcc8
wandb: Run `wandb offline` to turn off syncing.
wandb: Syncing run MRPC_LA_K6_L50_BWoR_refreshEpoch_noCorr_seed0
wandb: ⭐️ View project at https://wandb.ai/nilansa/lgd_bert_sampling_improvement_mrpc
wandb: 🚀 View run at https://wandb.ai/nilansa/lgd_bert_sampling_improvement_mrpc/runs/u18xrcc8
WANDB_URL=https://wandb.ai/nilansa/lgd_bert_sampling_improvement_mrpc/runs/u18xrcc8
wandb: updating run metadata
wandb: uploading output.log; uploading wandb-summary.json; uploading config.yaml
wandb: uploading history steps 349-358, summary
wandb:
wandb: Run history:
wandb:     correction/weight_clipped_frac ▁▁▁▁▁▁▁▁▁▁▁▁▁▁▁▁▁▁▁▁▁▁▁▁▁▁▁▁▁▁▁▁▁▁▁▁▁▁▁▁
wandb:              correction/weight_max ▁▁▁▁▁▁▁▁▁▁▁▁▁▁▁▁▁▁▁▁▁▁▁▁▁▁▁▁▁▁▁▁▁▁▁▁▁▁▁▁
wandb:             correction/weight_mean ▁▁▁▁▁▁▁▁▁▁▁▁▁▁▁▁▁▁▁▁▁▁▁▁▁▁▁▁▁▁▁▁▁▁▁▁▁▁▁▁
wandb:              correction/weight_min ▁▁▁▁▁▁▁▁▁▁▁▁▁▁▁▁▁▁▁▁▁▁▁▁▁▁▁▁▁▁▁▁▁▁▁▁▁▁▁▁
wandb:                              epoch ▁▁▁▁▁▁▂▂▂▂▃▃▃▃▃▃▃▃▄▄▄▄▄▅▅▆▆▆▆▆▆▆▆▇▇▇▇███
wandb:                      eval/accuracy ▄▄▄▄▅▄▁▅█▇▇▇▇█
wandb:                            eval/f1 ▆▆▆▆▆▆▁▆█▇▇▇▇█
wandb:                          eval/loss ▃▇██▃▄▆▃▃▁▁▁▁▂
wandb:                        global_step ▁▁▁▁▂▂▂▂▃▃▃▃▄▄▄▄▅▅▅▅▅▅▅▅▆▆▆▆▆▆▆▇▇▇▇▇████
wandb: lsh/bucket_assignment_changed_frac █▁
wandb:                                +45 ...
wandb:
wandb: Run summary:
wandb:     correction/weight_clipped_frac 0
wandb:              correction/weight_max 1
wandb:             correction/weight_mean 1
wandb:              correction/weight_min 1
wandb:                              epoch 2.9913
wandb:                      eval/accuracy 0.82108
wandb:                            eval/f1 0.88091
wandb:                          eval/loss 0.56149
wandb:                        global_step 345
wandb: lsh/bucket_assignment_changed_frac 0.72398
wandb:                                +45 ...
wandb:
wandb: 🚀 View run MRPC_LA_K6_L50_BWoR_refreshEpoch_noCorr_seed0 at: https://wandb.ai/nilansa/lgd_bert_sampling_improvement_mrpc/runs/u18xrcc8
wandb: ⭐️ View project at: https://wandb.ai/nilansa/lgd_bert_sampling_improvement_mrpc
wandb: Synced 5 W&B file(s), 0 media file(s), 0 artifact file(s) and 0 other file(s)
wandb: Find logs at: /home2/nilan/research/AN/scratch_exps/bert_lgd_sherlock_sampling_improvement_20260701_1525/runs/MRPC_LA_K6_L50_BWoR_refreshEpoch_noCorr_seed0/wandb/wandb/run-20260701_153426-u18xrcc8/logs
{
  "error_message": null,
  "final_eval": {
    "epoch": 2.991304347826087,
    "eval/accuracy": 0.821078431372549,
    "eval/f1": 0.8809135399673735,
    "eval/loss": 0.5614919919593662,
    "global_step": 345,
    "paper_fig5/test_accuracy": 0.821078431372549,
    "paper_fig5/test_loss": 0.5614919919593662,
    "time/wall_clock_sec": 138.94539308547974
  },
  "model_state_hash": "c5dbd26e69710823754e45bb59739fd7bf839a2fd0b703a8ecf65c40f7cccf96",
  "refresh_count": 3,
  "run_dir": "/home2/nilan/research/AN/scratch_exps/bert_lgd_sherlock_sampling_improvement_20260701_1525/runs/MRPC_LA_K6_L50_BWoR_refreshEpoch_noCorr_seed0",
  "sample_coverage_by_epoch": [
    {
      "batch_size": 32,
      "draw_count": 3680,
      "duplicate_draw_count": 2956,
      "duplicate_draw_frac_of_draws": 0.8032608695652174,
      "epoch": 0,
      "max_times_seen": 94,
      "never_seen_count": 2944,
      "never_seen_frac": 0.8026172300981461,
      "repeated_sample_count": 344,
      "repeated_sample_frac": 0.09378407851690294,
      "steps_in_epoch": 115,
      "train_size": 3668,
      "unique_seen_count": 724
    },
    {
      "batch_size": 32,
      "draw_count": 3680,
      "duplicate_draw_count": 2810,
      "duplicate_draw_frac_of_draws": 0.7635869565217391,
      "epoch": 1,
      "max_times_seen": 62,
      "never_seen_count": 2798,
      "never_seen_frac": 0.762813522355507,
      "repeated_sample_count": 532,
      "repeated_sample_frac": 0.1450381679389313,
      "steps_in_epoch": 115,
      "train_size": 3668,
      "unique_seen_count": 870
    },
    {
      "batch_size": 32,
      "draw_count": 3680,
      "duplicate_draw_count": 2662,
      "duplicate_draw_frac_of_draws": 0.7233695652173913,
      "epoch": 2,
      "max_times_seen": 51,
      "never_seen_count": 2650,
      "never_seen_frac": 0.722464558342421,
      "repeated_sample_count": 618,
      "repeated_sample_frac": 0.16848418756815703,
      "steps_in_epoch": 115,
      "train_size": 3668,
      "unique_seen_count": 1018
    }
  ],
  "sample_coverage_total": {
    "coverage": 0.5662486368593239,
    "draw_count": 11040,
    "duplicate_draw_count": 8963,
    "train_size": 3668,
    "unique_seen_count": 2077
  },
  "status": "finished",
  "wandb_url": "https://wandb.ai/nilansa/lgd_bert_sampling_improvement_mrpc/runs/u18xrcc8"
}
