Loading weights:   0%|          | 0/199 [00:00<?, ?it/s]Loading weights: 100%|‚Ėą‚Ėą‚Ėą‚Ėą‚Ėą‚Ėą‚Ėą‚Ėą‚Ėą‚Ėą| 199/199 [00:00<00:00, 6917.22it/s]
[transformers] [1mBertForSequenceClassification LOAD REPORT[0m from: bert-base-uncased
Key                                        | Status     | 
-------------------------------------------+------------+-
cls.predictions.transform.LayerNorm.weight | UNEXPECTED | 
cls.predictions.bias                       | UNEXPECTED | 
cls.seq_relationship.weight                | UNEXPECTED | 
cls.predictions.transform.dense.bias       | UNEXPECTED | 
cls.predictions.transform.LayerNorm.bias   | UNEXPECTED | 
cls.predictions.transform.dense.weight     | UNEXPECTED | 
cls.seq_relationship.bias                  | UNEXPECTED | 
classifier.weight                          | MISSING    | 
classifier.bias                            | MISSING    | 

Notes:
- UNEXPECTED:	can be ignored when loading from different task/architecture; not ok if you expect identical arch.
- MISSING:	those params were newly initialized because missing from the checkpoint. Consider training on your downstream task.
wandb: [wandb.login()] Loaded credentials for https://api.wandb.ai from /home2/nilan/.netrc.
wandb: Currently logged in as: nilansa to https://api.wandb.ai. Use `wandb login --relogin` to force relogin
wandb: Tracking run with wandb version 0.27.0
wandb: Run data is saved locally in /ssd_scratch/nilan/wandb/runs/wandb/run-20260627_145527-bsr6lyne
wandb: Run `wandb offline` to turn off syncing.
wandb: Syncing run whole-bush-3
wandb: ‚≠źÔłŹ View project at https://wandb.ai/nilansa/lgd_neurips2019_bert_repro
wandb: ūüöÄ View run at https://wandb.ai/nilansa/lgd_neurips2019_bert_repro/runs/bsr6lyne
wandb: updating run metadata
wandb: uploading output.log; uploading wandb-summary.json; uploading config.yaml
wandb: uploading history steps 20-20, summary
wandb: 
wandb: Run history:
wandb: correction/weight_clipped_frac ‚ĖĀ‚ĖĀ‚ĖĀ‚ĖĀ‚ĖĀ‚ĖĀ‚ĖĀ‚ĖĀ‚ĖĀ‚ĖĀ‚ĖĀ‚ĖĀ‚ĖĀ‚ĖĀ‚ĖĀ‚ĖĀ‚ĖĀ‚ĖĀ‚ĖĀ‚ĖĀ
wandb:          correction/weight_max ‚Ėą‚Ėą‚Ėą‚Ėą‚ĖĄ‚Ėą‚Ėą‚Ėą‚ĖĄ‚ĖĄ‚Ėą‚ĖĀ‚Ėą‚Ėą‚Ėą‚Ėą‚Ėą‚Ėą‚Ėą‚Ėą
wandb:         correction/weight_mean ‚Ėą‚Ėą‚ĖĄ‚ĖÉ‚Ėā‚ĖÖ‚Ėą‚ĖĄ‚ĖĄ‚ĖÉ‚ĖĄ‚ĖÖ‚ĖÜ‚Ėą‚ĖĀ‚Ėą‚Ėá‚ĖÖ‚ĖÉ‚ĖÉ
wandb:          correction/weight_min ‚ĖĀ‚ĖĀ‚ĖĀ‚ĖĀ‚ĖĀ‚ĖÖ‚ĖĀ‚ĖĀ‚ĖĀ‚Ėą‚ĖĀ‚ĖĀ‚ĖĀ‚Ėą‚ĖĀ‚ĖĀ‚ĖÖ‚ĖĀ‚ĖĀ‚ĖĀ
wandb:                          epoch ‚ĖĀ‚ĖĀ‚Ėā‚Ėā‚Ėā‚ĖÉ‚ĖÉ‚ĖĄ‚ĖĄ‚ĖĄ‚ĖÖ‚ĖÖ‚ĖÖ‚ĖÜ‚ĖÜ‚Ėá‚Ėá‚Ėá‚Ėą‚Ėą‚Ėą
wandb:                  eval/accuracy ‚ĖĀ
wandb:                        eval/f1 ‚ĖĀ
wandb:                      eval/loss ‚ĖĀ
wandb:                    global_step ‚ĖĀ‚ĖĀ‚Ėā‚Ėā‚Ėā‚ĖÉ‚ĖÉ‚ĖĄ‚ĖĄ‚ĖĄ‚ĖÖ‚ĖÖ‚ĖÖ‚ĖÜ‚ĖÜ‚Ėá‚Ėá‚Ėá‚Ėą‚Ėą‚Ėą
wandb:   lsh/initial_refresh_time_sec ‚ĖĀ
wandb:                            +18 ...
wandb: 
wandb: Run summary:
wandb: correction/weight_clipped_frac 0
wandb:          correction/weight_max 0.10488
wandb:         correction/weight_mean 0.09433
wandb:          correction/weight_min 0.08657
wandb:                          epoch 0.16522
wandb:                  eval/accuracy 0.68382
wandb:                        eval/f1 0.81223
wandb:                      eval/loss 0.66569
wandb:                    global_step 20
wandb:   lsh/initial_refresh_time_sec 9.20959
wandb:                            +18 ...
wandb: 
wandb: ūüöÄ View run whole-bush-3 at: https://wandb.ai/nilansa/lgd_neurips2019_bert_repro/runs/bsr6lyne
wandb: ‚≠źÔłŹ View project at: https://wandb.ai/nilansa/lgd_neurips2019_bert_repro
wandb: Synced 5 W&B file(s), 0 media file(s), 0 artifact file(s) and 0 other file(s)
wandb: Find logs at: /ssd_scratch/nilan/wandb/runs/wandb/run-20260627_145527-bsr6lyne/logs
