Loading weights:   0%|          | 0/199 [00:00<?, ?it/s]Loading weights: 100%|██████████| 199/199 [00:00<00:00, 4903.63it/s]
[transformers] [1mBertForSequenceClassification LOAD REPORT[0m from: bert-base-uncased
Key                                        | Status     | 
-------------------------------------------+------------+-
cls.predictions.transform.dense.bias       | UNEXPECTED | 
cls.predictions.transform.LayerNorm.weight | UNEXPECTED | 
cls.seq_relationship.bias                  | UNEXPECTED | 
cls.seq_relationship.weight                | UNEXPECTED | 
cls.predictions.transform.LayerNorm.bias   | UNEXPECTED | 
cls.predictions.bias                       | UNEXPECTED | 
cls.predictions.transform.dense.weight     | UNEXPECTED | 
classifier.weight                          | MISSING    | 
classifier.bias                            | MISSING    | 

Notes:
- UNEXPECTED:	can be ignored when loading from different task/architecture; not ok if you expect identical arch.
- MISSING:	those params were newly initialized because missing from the checkpoint. Consider training on your downstream task.
wandb: [wandb.login()] Loaded credentials for https://api.wandb.ai from /home2/nilan/.netrc.
wandb: Currently logged in as: nilansa to https://api.wandb.ai. Use `wandb login --relogin` to force relogin
wandb: setting up run qqectom6
wandb: Tracking run with wandb version 0.27.0
wandb: Run data is saved locally in /ssd_scratch/nilan/wandb/runs/wandb/run-20260627_151529-qqectom6
wandb: Run `wandb offline` to turn off syncing.
wandb: Syncing run radiant-glade-43
wandb: ⭐️ View project at https://wandb.ai/nilansa/lgd_neurips2019_bert_repro
wandb: 🚀 View run at https://wandb.ai/nilansa/lgd_neurips2019_bert_repro/runs/qqectom6
wandb: updating run metadata
wandb: uploading config.yaml; uploading output.log; uploading wandb-summary.json
wandb: uploading history steps 220-243, summary
wandb: 
wandb: Run history:
wandb: correction/weight_clipped_frac ▁▁▁▁▁▁▁▁▁▁▁▁▁▁▁▁▁▁▁▁▁▁▁▁▁▁▁▁▁▁▁▁▁▁▁▁▁▁▁▁
wandb:          correction/weight_max ▁▁▁▁▁▁▁▁▁▁▁▄▃▃▄▅▃▄▄▃▄▄▃▄▄▄▄▇▅▄▄▆▄█▆▆▆▂█▇
wandb:         correction/weight_mean ▃▄▃▅▅▅▅▆▅▅▃▄▁▃▁▂▅▃▁▃▃▄▆▅▂▂▄▃▄█▃▃▆▄▃▆▄▅▃▆
wandb:          correction/weight_min █▇▇▇▇▇▇█████▃▃▃▃▃▃▃▃▃▃▃▃▃▃▃▃▃▁▁▁▁▁▁▁▁▁▁▁
wandb:                          epoch ▁▁▁▁▂▂▂▂▂▂▃▃▃▃▃▄▄▄▄▄▄▄▄▅▅▆▆▆▆▆▆▆▆▇▇▇▇▇▇█
wandb:                  eval/accuracy ▂▂▁▆▂▄▃▃██
wandb:                        eval/f1 ▆▇█▇▁█▇█▇▇
wandb:                      eval/loss ▁▂▃▁█▃▁▃▃▃
wandb:                    global_step ▁▁▁▁▂▂▂▂▂▂▂▂▂▃▃▃▃▃▃▃▄▄▄▅▅▆▆▆▆▆▇▇▇▇▇▇▇███
wandb:   lsh/initial_refresh_time_sec ▁
wandb:                            +18 ...
wandb: 
wandb: Run summary:
wandb: correction/weight_clipped_frac 0
wandb:          correction/weight_max 7.62549
wandb:         correction/weight_mean 1.77766
wandb:          correction/weight_min 0.04063
wandb:                          epoch 2.98718
wandb:                  eval/accuracy 0.59206
wandb:                        eval/f1 0.5498
wandb:                      eval/loss 1.02167
wandb:                    global_step 234
wandb:   lsh/initial_refresh_time_sec 6.5017
wandb:                            +18 ...
wandb: 
wandb: 🚀 View run radiant-glade-43 at: https://wandb.ai/nilansa/lgd_neurips2019_bert_repro/runs/qqectom6
wandb: ⭐️ View project at: https://wandb.ai/nilansa/lgd_neurips2019_bert_repro
wandb: Synced 5 W&B file(s), 0 media file(s), 0 artifact file(s) and 0 other file(s)
wandb: Find logs at: /ssd_scratch/nilan/wandb/runs/wandb/run-20260627_151529-qqectom6/logs
